[00:19:25] [ServerMain/INFO]: Environment: authHost='https://authserver.mojang.com', accountsHost='https://api.mojang.com', sessionHost='https://sessionserver.mojang.com', servicesHost='https://api.minecraftservices.com', name='PROD'
[00:19:27] [ServerMain/INFO]: Reloading ResourceManager: Default, bukkit
[00:19:27] [Worker-Main-12/INFO]: Loaded 7 recipes
[00:19:30] [Server thread/INFO]: Starting minecraft server version 1.18
[00:19:30] [Server thread/INFO]: Loading properties
[00:19:31] [Server thread/INFO]: This server is running CraftBukkit version 3344-Spigot-3c40a6c-4b5f988 (MC: 1.18) (Implementing API version 1.18-R0.1-SNAPSHOT)
[00:19:31] [Server thread/INFO]: Debug logging is disabled
[00:19:31] [Server thread/INFO]: Server Ping Player Sample Count: 12
[00:19:31] [Server thread/INFO]: Using 4 threads for Netty based IO
[00:19:31] [Server thread/INFO]: Default game type: SURVIVAL
[00:19:31] [Server thread/INFO]: Generating keypair
[00:19:32] [Server thread/INFO]: Starting Minecraft server on 0.0.0.0:25565
[00:19:32] [Server thread/INFO]: Using epoll channel type
[00:19:33] [Server thread/INFO]: [SkinsRestorer] Loading SkinsRestorer v14.1.10
[00:19:33] [Server thread/INFO]: [AngelChest] Loading AngelChest v6.1.1
[00:19:33] [Server thread/WARN]: **** SERVER IS RUNNING IN OFFLINE/INSECURE MODE!
[00:19:33] [Server thread/WARN]: The server will make no attempt to authenticate usernames. Beware.
[00:19:33] [Server thread/WARN]: While this makes the game possible to play without internet access, it also opens up the ability for hackers to connect with any username they choose.
[00:19:33] [Server thread/WARN]: To change this, set "online-mode" to "true" in the server.properties file.
[00:19:33] [Server thread/INFO]: Preparing level "island My family only"
[00:19:35] [Server thread/INFO]: -------- World Settings For [island My family only] --------
[00:19:35] [Server thread/INFO]: Experience Merge Radius: 3.0
[00:19:35] [Server thread/INFO]: Entity Activation Range: An 32 / Mo 32 / Ra 48 / Mi 16 / Tiv true
[00:19:35] [Server thread/INFO]: Entity Tracking Range: Pl 48 / An 48 / Mo 48 / Mi 32 / Other 64
[00:19:35] [Server thread/INFO]: Hopper Transfer: 8 Hopper Check: 1 Hopper Amount: 1
[00:19:35] [Server thread/INFO]: Custom Map Seeds:  Village: 10387312 Desert: 14357617 Igloo: 14357618 Jungle: 14357619 Swamp: 14357620 Monument: 10387313 Ocean: 14357621 Shipwreck: 165745295 End City: 10387313 Slime: 987234911 Bastion: 30084232 Fortress: 30084232 Mansion: 10387319 Fossil: 14357921 Portal: 34222645
[00:19:35] [Server thread/INFO]: Mob Spawn Range: 6
[00:19:35] [Server thread/INFO]: Cactus Growth Modifier: 100%
[00:19:35] [Server thread/INFO]: Cane Growth Modifier: 100%
[00:19:35] [Server thread/INFO]: Melon Growth Modifier: 100%
[00:19:35] [Server thread/INFO]: Mushroom Growth Modifier: 100%
[00:19:35] [Server thread/INFO]: Pumpkin Growth Modifier: 100%
[00:19:35] [Server thread/INFO]: Sapling Growth Modifier: 100%
[00:19:35] [Server thread/INFO]: Beetroot Growth Modifier: 100%
[00:19:35] [Server thread/INFO]: Carrot Growth Modifier: 100%
[00:19:35] [Server thread/INFO]: Potato Growth Modifier: 100%
[00:19:35] [Server thread/INFO]: Wheat Growth Modifier: 100%
[00:19:35] [Server thread/INFO]: NetherWart Growth Modifier: 100%
[00:19:35] [Server thread/INFO]: Vine Growth Modifier: 100%
[00:19:35] [Server thread/INFO]: Cocoa Growth Modifier: 100%
[00:19:35] [Server thread/INFO]: Bamboo Growth Modifier: 100%
[00:19:35] [Server thread/INFO]: SweetBerry Growth Modifier: 100%
[00:19:35] [Server thread/INFO]: Kelp Growth Modifier: 100%
[00:19:35] [Server thread/INFO]: Max TNT Explosions: 100
[00:19:35] [Server thread/INFO]: Tile Max Tick Time: 50ms Entity max Tick Time: 50ms
[00:19:35] [Server thread/INFO]: Allow Zombie Pigmen to spawn from portal blocks: true
[00:19:35] [Server thread/INFO]: Item Despawn Rate: 6000
[00:19:35] [Server thread/INFO]: Item Merge Radius: 2.5
[00:19:35] [Server thread/INFO]: View Distance: 14
[00:19:35] [Server thread/INFO]: Simulation Distance: 10
[00:19:35] [Server thread/INFO]: Arrow Despawn Rate: 1200 Trident Respawn Rate:1200
[00:19:35] [Server thread/INFO]: Zombie Aggressive Towards Villager: true
[00:19:35] [Server thread/INFO]: Nerfing mobs spawned from spawners: false
[00:19:35] [Server thread/INFO]: -------- World Settings For [island My family only_nether] --------
[00:19:35] [Server thread/INFO]: Experience Merge Radius: 3.0
[00:19:35] [Server thread/INFO]: Entity Activation Range: An 32 / Mo 32 / Ra 48 / Mi 16 / Tiv true
[00:19:35] [Server thread/INFO]: Entity Tracking Range: Pl 48 / An 48 / Mo 48 / Mi 32 / Other 64
[00:19:35] [Server thread/INFO]: Hopper Transfer: 8 Hopper Check: 1 Hopper Amount: 1
[00:19:35] [Server thread/INFO]: Custom Map Seeds:  Village: 10387312 Desert: 14357617 Igloo: 14357618 Jungle: 14357619 Swamp: 14357620 Monument: 10387313 Ocean: 14357621 Shipwreck: 165745295 End City: 10387313 Slime: 987234911 Bastion: 30084232 Fortress: 30084232 Mansion: 10387319 Fossil: 14357921 Portal: 34222645
[00:19:35] [Server thread/INFO]: Mob Spawn Range: 6
[00:19:35] [Server thread/INFO]: Cactus Growth Modifier: 100%
[00:19:36] [Server thread/INFO]: Cane Growth Modifier: 100%
[00:19:36] [Server thread/INFO]: Melon Growth Modifier: 100%
[00:19:36] [Server thread/INFO]: Mushroom Growth Modifier: 100%
[00:19:36] [Server thread/INFO]: Pumpkin Growth Modifier: 100%
[00:19:36] [Server thread/INFO]: Sapling Growth Modifier: 100%
[00:19:36] [Server thread/INFO]: Beetroot Growth Modifier: 100%
[00:19:36] [Server thread/INFO]: Carrot Growth Modifier: 100%
[00:19:36] [Server thread/INFO]: Potato Growth Modifier: 100%
[00:19:36] [Server thread/INFO]: Wheat Growth Modifier: 100%
[00:19:36] [Server thread/INFO]: NetherWart Growth Modifier: 100%
[00:19:36] [Server thread/INFO]: Vine Growth Modifier: 100%
[00:19:36] [Server thread/INFO]: Cocoa Growth Modifier: 100%
[00:19:36] [Server thread/INFO]: Bamboo Growth Modifier: 100%
[00:19:36] [Server thread/INFO]: SweetBerry Growth Modifier: 100%
[00:19:36] [Server thread/INFO]: Kelp Growth Modifier: 100%
[00:19:36] [Server thread/INFO]: Max TNT Explosions: 100
[00:19:36] [Server thread/INFO]: Tile Max Tick Time: 50ms Entity max Tick Time: 50ms
[00:19:36] [Server thread/INFO]: Allow Zombie Pigmen to spawn from portal blocks: true
[00:19:36] [Server thread/INFO]: Item Despawn Rate: 6000
[00:19:36] [Server thread/INFO]: Item Merge Radius: 2.5
[00:19:36] [Server thread/INFO]: View Distance: 14
[00:19:36] [Server thread/INFO]: Simulation Distance: 10
[00:19:36] [Server thread/INFO]: Arrow Despawn Rate: 1200 Trident Respawn Rate:1200
[00:19:36] [Server thread/INFO]: Zombie Aggressive Towards Villager: true
[00:19:36] [Server thread/INFO]: Nerfing mobs spawned from spawners: false
[00:19:36] [Server thread/INFO]: -------- World Settings For [island My family only_the_end] --------
[00:19:36] [Server thread/INFO]: Experience Merge Radius: 3.0
[00:19:36] [Server thread/INFO]: Entity Activation Range: An 32 / Mo 32 / Ra 48 / Mi 16 / Tiv true
[00:19:36] [Server thread/INFO]: Entity Tracking Range: Pl 48 / An 48 / Mo 48 / Mi 32 / Other 64
[00:19:36] [Server thread/INFO]: Hopper Transfer: 8 Hopper Check: 1 Hopper Amount: 1
[00:19:36] [Server thread/INFO]: Custom Map Seeds:  Village: 10387312 Desert: 14357617 Igloo: 14357618 Jungle: 14357619 Swamp: 14357620 Monument: 10387313 Ocean: 14357621 Shipwreck: 165745295 End City: 10387313 Slime: 987234911 Bastion: 30084232 Fortress: 30084232 Mansion: 10387319 Fossil: 14357921 Portal: 34222645
[00:19:36] [Server thread/INFO]: Mob Spawn Range: 6
[00:19:36] [Server thread/INFO]: Cactus Growth Modifier: 100%
[00:19:36] [Server thread/INFO]: Cane Growth Modifier: 100%
[00:19:36] [Server thread/INFO]: Melon Growth Modifier: 100%
[00:19:36] [Server thread/INFO]: Mushroom Growth Modifier: 100%
[00:19:36] [Server thread/INFO]: Pumpkin Growth Modifier: 100%
[00:19:36] [Server thread/INFO]: Sapling Growth Modifier: 100%
[00:19:36] [Server thread/INFO]: Beetroot Growth Modifier: 100%
[00:19:36] [Server thread/INFO]: Carrot Growth Modifier: 100%
[00:19:36] [Server thread/INFO]: Potato Growth Modifier: 100%
[00:19:36] [Server thread/INFO]: Wheat Growth Modifier: 100%
[00:19:36] [Server thread/INFO]: NetherWart Growth Modifier: 100%
[00:19:36] [Server thread/INFO]: Vine Growth Modifier: 100%
[00:19:36] [Server thread/INFO]: Cocoa Growth Modifier: 100%
[00:19:36] [Server thread/INFO]: Bamboo Growth Modifier: 100%
[00:19:36] [Server thread/INFO]: SweetBerry Growth Modifier: 100%
[00:19:36] [Server thread/INFO]: Kelp Growth Modifier: 100%
[00:19:36] [Server thread/INFO]: Max TNT Explosions: 100
[00:19:36] [Server thread/INFO]: Tile Max Tick Time: 50ms Entity max Tick Time: 50ms
[00:19:36] [Server thread/INFO]: Allow Zombie Pigmen to spawn from portal blocks: true
[00:19:36] [Server thread/INFO]: Item Despawn Rate: 6000
[00:19:36] [Server thread/INFO]: Item Merge Radius: 2.5
[00:19:36] [Server thread/INFO]: View Distance: 14
[00:19:36] [Server thread/INFO]: Simulation Distance: 10
[00:19:36] [Server thread/INFO]: Arrow Despawn Rate: 1200 Trident Respawn Rate:1200
[00:19:36] [Server thread/INFO]: Zombie Aggressive Towards Villager: true
[00:19:36] [Server thread/INFO]: Nerfing mobs spawned from spawners: false
[00:19:36] [Server thread/INFO]: Preparing start region for dimension minecraft:overworld
[00:19:38] [Worker-Main-11/INFO]: Preparing spawn area: 0%
[00:19:38] [Worker-Main-9/INFO]: Preparing spawn area: 0%
[00:19:38] [Worker-Main-10/INFO]: Preparing spawn area: 0%
[00:19:38] [Worker-Main-10/INFO]: Preparing spawn area: 0%
[00:19:38] [Worker-Main-12/INFO]: Preparing spawn area: 0%
[00:19:38] [Worker-Main-12/INFO]: Preparing spawn area: 0%
[00:19:39] [Worker-Main-13/INFO]: Preparing spawn area: 0%
[00:19:39] [Worker-Main-9/INFO]: Preparing spawn area: 0%
[00:19:40] [Worker-Main-12/INFO]: Preparing spawn area: 0%
[00:19:40] [Worker-Main-11/INFO]: Preparing spawn area: 0%
[00:19:41] [Worker-Main-9/INFO]: Preparing spawn area: 0%
[00:19:41] [Worker-Main-8/INFO]: Preparing spawn area: 0%
[00:19:42] [Worker-Main-10/INFO]: Preparing spawn area: 0%
[00:19:42] [Worker-Main-10/INFO]: Preparing spawn area: 2%
[00:19:43] [Worker-Main-12/INFO]: Preparing spawn area: 4%
[00:19:43] [Worker-Main-11/INFO]: Preparing spawn area: 4%
[00:19:44] [Worker-Main-11/INFO]: Preparing spawn area: 4%
[00:19:44] [Worker-Main-13/INFO]: Preparing spawn area: 5%
[00:19:45] [Worker-Main-12/INFO]: Preparing spawn area: 8%
[00:19:45] [Worker-Main-10/INFO]: Preparing spawn area: 12%
[00:19:46] [Worker-Main-9/INFO]: Preparing spawn area: 19%
[00:19:46] [Worker-Main-13/INFO]: Preparing spawn area: 23%
[00:19:47] [Worker-Main-13/INFO]: Preparing spawn area: 27%
[00:19:47] [Worker-Main-13/INFO]: Preparing spawn area: 28%
[00:19:48] [Worker-Main-9/INFO]: Preparing spawn area: 35%
[00:19:48] [Worker-Main-8/INFO]: Preparing spawn area: 51%
[00:19:49] [Worker-Main-14/INFO]: Preparing spawn area: 62%
[00:19:50] [Worker-Main-11/INFO]: Preparing spawn area: 74%
[00:19:50] [Worker-Main-11/INFO]: Preparing spawn area: 91%
[00:19:51] [Server thread/INFO]: Time elapsed: 15320 ms
[00:19:51] [Server thread/INFO]: Preparing start region for dimension minecraft:the_nether
[00:19:53] [Worker-Main-10/INFO]: Preparing spawn area: 0%
[00:19:53] [Worker-Main-10/INFO]: Preparing spawn area: 0%
[00:19:53] [Worker-Main-9/INFO]: Preparing spawn area: 0%
[00:19:53] [Worker-Main-8/INFO]: Preparing spawn area: 0%
[00:19:53] [Worker-Main-13/INFO]: Preparing spawn area: 0%
[00:19:54] [Worker-Main-9/INFO]: Preparing spawn area: 0%
[00:19:54] [Worker-Main-9/INFO]: Preparing spawn area: 0%
[00:19:55] [Worker-Main-10/INFO]: Preparing spawn area: 1%
[00:19:55] [Worker-Main-13/INFO]: Preparing spawn area: 1%
[00:19:56] [Worker-Main-13/INFO]: Preparing spawn area: 1%
[00:19:56] [Worker-Main-12/INFO]: Preparing spawn area: 3%
[00:19:57] [Worker-Main-9/INFO]: Preparing spawn area: 6%
[00:19:57] [Worker-Main-9/INFO]: Preparing spawn area: 6%
[00:19:58] [Worker-Main-9/INFO]: Preparing spawn area: 6%
[00:19:58] [Worker-Main-10/INFO]: Preparing spawn area: 17%
[00:19:59] [Worker-Main-11/INFO]: Preparing spawn area: 29%
[00:19:59] [Worker-Main-14/INFO]: Preparing spawn area: 47%
[00:20:00] [Worker-Main-12/INFO]: Preparing spawn area: 79%
[00:20:01] [Worker-Main-14/INFO]: Preparing spawn area: 88%
[00:20:01] [Server thread/INFO]: Time elapsed: 9371 ms
[00:20:01] [Server thread/INFO]: Preparing start region for dimension minecraft:the_end
[00:20:25] [Worker-Main-8/INFO]: Preparing spawn area: 0%
[00:20:27] [Worker-Main-8/INFO]: Preparing spawn area: 0%
[00:20:27] [Worker-Main-8/INFO]: Preparing spawn area: 0%
[00:20:27] [Worker-Main-8/INFO]: Preparing spawn area: 0%
[00:20:27] [Worker-Main-8/INFO]: Preparing spawn area: 0%
[00:20:27] [Worker-Main-8/INFO]: Preparing spawn area: 0%
[00:20:27] [Worker-Main-13/INFO]: Preparing spawn area: 0%
[00:20:27] [Worker-Main-13/INFO]: Preparing spawn area: 0%
[00:20:27] [Worker-Main-13/INFO]: Preparing spawn area: 0%
[00:20:27] [Worker-Main-8/INFO]: Preparing spawn area: 0%
[00:20:27] [Worker-Main-14/INFO]: Preparing spawn area: 0%
[00:20:27] [Worker-Main-12/INFO]: Preparing spawn area: 0%
[00:20:27] [Worker-Main-12/INFO]: Preparing spawn area: 0%
[00:20:27] [Worker-Main-12/INFO]: Preparing spawn area: 0%
[00:20:27] [Worker-Main-12/INFO]: Preparing spawn area: 0%
[00:20:27] [Worker-Main-12/INFO]: Preparing spawn area: 0%
[00:20:27] [Worker-Main-9/INFO]: Preparing spawn area: 0%
[00:20:27] [Worker-Main-12/INFO]: Preparing spawn area: 0%
[00:20:27] [Worker-Main-9/INFO]: Preparing spawn area: 0%
[00:20:27] [Worker-Main-12/INFO]: Preparing spawn area: 0%
[00:20:27] [Worker-Main-14/INFO]: Preparing spawn area: 0%
[00:20:27] [Worker-Main-14/INFO]: Preparing spawn area: 0%
[00:20:27] [Worker-Main-14/INFO]: Preparing spawn area: 0%
[00:20:27] [Worker-Main-8/INFO]: Preparing spawn area: 0%
[00:20:27] [Worker-Main-8/INFO]: Preparing spawn area: 0%
[00:20:27] [Worker-Main-8/INFO]: Preparing spawn area: 0%
[00:20:27] [Worker-Main-8/INFO]: Preparing spawn area: 0%
[00:20:27] [Worker-Main-14/INFO]: Preparing spawn area: 0%
[00:20:27] [Worker-Main-12/INFO]: Preparing spawn area: 0%
[00:20:27] [Worker-Main-12/INFO]: Preparing spawn area: 0%
[00:20:27] [Worker-Main-12/INFO]: Preparing spawn area: 0%
[00:20:27] [Worker-Main-11/INFO]: Preparing spawn area: 0%
[00:20:27] [Worker-Main-11/INFO]: Preparing spawn area: 0%
[00:20:27] [Worker-Main-11/INFO]: Preparing spawn area: 0%
[00:20:27] [Worker-Main-11/INFO]: Preparing spawn area: 0%
[00:20:27] [Worker-Main-11/INFO]: Preparing spawn area: 0%
[00:20:27] [Worker-Main-11/INFO]: Preparing spawn area: 0%
[00:20:27] [Worker-Main-11/INFO]: Preparing spawn area: 0%
[00:20:27] [Worker-Main-11/INFO]: Preparing spawn area: 0%
[00:20:27] [Worker-Main-11/INFO]: Preparing spawn area: 0%
[00:20:27] [Worker-Main-11/INFO]: Preparing spawn area: 0%
[00:20:27] [Worker-Main-11/INFO]: Preparing spawn area: 0%
[00:20:27] [Worker-Main-8/INFO]: Preparing spawn area: 0%
[00:20:27] [Worker-Main-9/INFO]: Preparing spawn area: 0%
[00:20:27] [Worker-Main-8/INFO]: Preparing spawn area: 0%
[00:20:28] [Worker-Main-12/INFO]: Preparing spawn area: 0%
[00:20:28] [Worker-Main-12/INFO]: Preparing spawn area: 0%
[00:20:28] [Worker-Main-12/INFO]: Preparing spawn area: 0%
[00:20:28] [Worker-Main-12/INFO]: Preparing spawn area: 0%
[00:20:28] [Worker-Main-12/INFO]: Preparing spawn area: 0%
[00:20:28] [Worker-Main-12/INFO]: Preparing spawn area: 0%
[00:20:28] [Worker-Main-12/INFO]: Preparing spawn area: 0%
[00:20:28] [Worker-Main-12/INFO]: Preparing spawn area: 0%
[00:20:28] [Worker-Main-12/INFO]: Preparing spawn area: 0%
[00:20:28] [Worker-Main-13/INFO]: Preparing spawn area: 0%
[00:20:29] [Worker-Main-10/INFO]: Preparing spawn area: 0%
[00:20:29] [Worker-Main-11/INFO]: Preparing spawn area: 0%
[00:20:29] [Worker-Main-11/INFO]: Preparing spawn area: 0%
[00:20:31] [Worker-Main-9/INFO]: Preparing spawn area: 0%
[00:20:31] [Worker-Main-9/INFO]: Preparing spawn area: 0%
[00:20:31] [Worker-Main-8/INFO]: Preparing spawn area: 0%
[00:20:32] [Worker-Main-11/INFO]: Preparing spawn area: 0%
[00:20:32] [Worker-Main-11/INFO]: Preparing spawn area: 0%
[00:20:34] [Worker-Main-8/INFO]: Preparing spawn area: 0%
[00:20:34] [Worker-Main-8/INFO]: Preparing spawn area: 0%
[00:20:34] [Worker-Main-8/INFO]: Preparing spawn area: 0%
[00:20:35] [Worker-Main-10/INFO]: Preparing spawn area: 0%
[00:20:35] [Worker-Main-8/INFO]: Preparing spawn area: 0%
[00:20:35] [Worker-Main-8/INFO]: Preparing spawn area: 0%
[00:20:35] [Worker-Main-8/INFO]: Preparing spawn area: 0%
[00:20:36] [Worker-Main-10/INFO]: Preparing spawn area: 0%
[00:20:39] [Worker-Main-13/INFO]: Preparing spawn area: 0%
[00:20:39] [Worker-Main-13/INFO]: Preparing spawn area: 0%
[00:20:39] [Worker-Main-13/INFO]: Preparing spawn area: 0%
[00:20:39] [Worker-Main-13/INFO]: Preparing spawn area: 0%
[00:20:39] [Worker-Main-13/INFO]: Preparing spawn area: 0%
[00:20:39] [Worker-Main-13/INFO]: Preparing spawn area: 0%
[00:20:39] [Worker-Main-8/INFO]: Preparing spawn area: 0%
[00:20:40] [Worker-Main-10/INFO]: Preparing spawn area: 1%
[00:20:41] [Worker-Main-14/INFO]: Preparing spawn area: 2%
[00:20:41] [Worker-Main-9/INFO]: Preparing spawn area: 2%
[00:20:43] [Worker-Main-8/INFO]: Preparing spawn area: 2%
[00:20:43] [Worker-Main-11/INFO]: Preparing spawn area: 2%
[00:20:43] [Worker-Main-11/INFO]: Preparing spawn area: 2%
[00:20:43] [Worker-Main-14/INFO]: Preparing spawn area: 2%
[00:20:44] [Worker-Main-8/INFO]: Preparing spawn area: 2%
[00:20:44] [Worker-Main-13/INFO]: Preparing spawn area: 2%
[00:20:44] [Worker-Main-13/INFO]: Preparing spawn area: 2%
[00:20:45] [Worker-Main-12/INFO]: Preparing spawn area: 2%
[00:20:45] [Worker-Main-13/INFO]: Preparing spawn area: 2%
[00:20:46] [Worker-Main-8/INFO]: Preparing spawn area: 2%
[00:20:47] [Worker-Main-11/INFO]: Preparing spawn area: 3%
[00:20:47] [Worker-Main-12/INFO]: Preparing spawn area: 3%
[00:20:52] [Worker-Main-11/INFO]: Preparing spawn area: 3%
[00:20:52] [Worker-Main-13/INFO]: Preparing spawn area: 3%
[00:20:52] [Worker-Main-13/INFO]: Preparing spawn area: 3%
[00:20:52] [Worker-Main-8/INFO]: Preparing spawn area: 3%
[00:20:52] [Worker-Main-8/INFO]: Preparing spawn area: 3%
[00:20:52] [Worker-Main-11/INFO]: Preparing spawn area: 3%
[00:20:52] [Worker-Main-8/INFO]: Preparing spawn area: 3%
[00:20:52] [Worker-Main-10/INFO]: Preparing spawn area: 3%
[00:20:52] [Worker-Main-8/INFO]: Preparing spawn area: 3%
[00:20:52] [Worker-Main-10/INFO]: Preparing spawn area: 3%
[00:20:52] [Worker-Main-11/INFO]: Preparing spawn area: 4%
[00:20:53] [Worker-Main-11/INFO]: Preparing spawn area: 4%
[00:20:53] [Worker-Main-11/INFO]: Preparing spawn area: 4%
[00:20:54] [Worker-Main-12/INFO]: Preparing spawn area: 5%
[00:20:54] [Worker-Main-13/INFO]: Preparing spawn area: 6%
[00:20:55] [Worker-Main-11/INFO]: Preparing spawn area: 6%
[00:20:56] [Worker-Main-14/INFO]: Preparing spawn area: 6%
[00:20:56] [Worker-Main-9/INFO]: Preparing spawn area: 6%
[00:20:57] [Worker-Main-14/INFO]: Preparing spawn area: 7%
[00:20:57] [Worker-Main-8/INFO]: Preparing spawn area: 7%
[00:20:57] [Worker-Main-9/INFO]: Preparing spawn area: 7%
[00:20:58] [Worker-Main-14/INFO]: Preparing spawn area: 7%
[00:20:58] [Worker-Main-12/INFO]: Preparing spawn area: 7%
[00:21:02] [Worker-Main-13/INFO]: Preparing spawn area: 9%
[00:21:02] [Worker-Main-13/INFO]: Preparing spawn area: 9%
[00:21:02] [Worker-Main-13/INFO]: Preparing spawn area: 9%
[00:21:02] [Worker-Main-13/INFO]: Preparing spawn area: 9%
[00:21:02] [Worker-Main-13/INFO]: Preparing spawn area: 9%
[00:21:02] [Worker-Main-13/INFO]: Preparing spawn area: 9%
[00:21:02] [Worker-Main-12/INFO]: Preparing spawn area: 9%
[00:21:02] [Worker-Main-14/INFO]: Preparing spawn area: 15%
[00:21:03] [Worker-Main-10/INFO]: Preparing spawn area: 15%
[00:21:03] [Worker-Main-11/INFO]: Preparing spawn area: 20%
[00:21:04] [Worker-Main-9/INFO]: Preparing spawn area: 25%
[00:21:04] [Worker-Main-9/INFO]: Preparing spawn area: 31%
[00:21:05] [Worker-Main-12/INFO]: Preparing spawn area: 42%
[00:21:22] [Worker-Main-14/INFO]: Preparing spawn area: 54%
[00:21:22] [Worker-Main-13/INFO]: Preparing spawn area: 54%
[00:21:22] [Worker-Main-13/INFO]: Preparing spawn area: 54%
[00:21:22] [Worker-Main-12/INFO]: Preparing spawn area: 54%
[00:21:22] [Worker-Main-12/INFO]: Preparing spawn area: 54%
[00:21:22] [Worker-Main-13/INFO]: Preparing spawn area: 54%
[00:21:22] [Worker-Main-13/INFO]: Preparing spawn area: 54%
[00:21:22] [Worker-Main-13/INFO]: Preparing spawn area: 54%
[00:21:22] [Worker-Main-10/INFO]: Preparing spawn area: 54%
[00:21:22] [Worker-Main-10/INFO]: Preparing spawn area: 54%
[00:21:22] [Worker-Main-10/INFO]: Preparing spawn area: 54%
[00:21:22] [Worker-Main-8/INFO]: Preparing spawn area: 54%
[00:21:22] [Worker-Main-8/INFO]: Preparing spawn area: 54%
[00:21:22] [Worker-Main-11/INFO]: Preparing spawn area: 54%
[00:21:22] [Worker-Main-8/INFO]: Preparing spawn area: 54%
[00:21:22] [Worker-Main-8/INFO]: Preparing spawn area: 54%
[00:21:22] [Worker-Main-8/INFO]: Preparing spawn area: 54%
[00:21:22] [Worker-Main-8/INFO]: Preparing spawn area: 54%
[00:21:22] [Worker-Main-8/INFO]: Preparing spawn area: 54%
[00:21:22] [Worker-Main-8/INFO]: Preparing spawn area: 54%
[00:21:24] [Worker-Main-13/INFO]: Preparing spawn area: 54%
[00:21:24] [Worker-Main-13/INFO]: Preparing spawn area: 54%
[00:21:24] [Worker-Main-13/INFO]: Preparing spawn area: 54%
[00:21:24] [Worker-Main-13/INFO]: Preparing spawn area: 54%
[00:21:24] [Worker-Main-13/INFO]: Preparing spawn area: 54%
[00:21:24] [Worker-Main-13/INFO]: Preparing spawn area: 54%
[00:21:24] [Worker-Main-13/INFO]: Preparing spawn area: 54%
[00:21:24] [Worker-Main-13/INFO]: Preparing spawn area: 54%
[00:21:24] [Worker-Main-13/INFO]: Preparing spawn area: 54%
[00:21:24] [Worker-Main-13/INFO]: Preparing spawn area: 54%
[00:21:24] [Worker-Main-13/INFO]: Preparing spawn area: 54%
[00:21:24] [Worker-Main-13/INFO]: Preparing spawn area: 54%
[00:21:24] [Worker-Main-13/INFO]: Preparing spawn area: 54%
[00:21:24] [Worker-Main-13/INFO]: Preparing spawn area: 54%
[00:21:24] [Worker-Main-13/INFO]: Preparing spawn area: 54%
[00:21:24] [Worker-Main-13/INFO]: Preparing spawn area: 54%
[00:21:24] [Worker-Main-11/INFO]: Preparing spawn area: 54%
[00:21:24] [Worker-Main-11/INFO]: Preparing spawn area: 54%
[00:21:24] [Worker-Main-8/INFO]: Preparing spawn area: 55%
[00:21:25] [Worker-Main-10/INFO]: Preparing spawn area: 68%
[00:21:40] [Worker-Main-8/INFO]: Preparing spawn area: 68%
[00:21:44] [Worker-Main-8/INFO]: Preparing spawn area: 68%
[00:21:44] [Worker-Main-8/INFO]: Preparing spawn area: 68%
[00:21:44] [Worker-Main-8/INFO]: Preparing spawn area: 68%
[00:21:44] [Worker-Main-11/INFO]: Preparing spawn area: 68%
[00:21:44] [Worker-Main-11/INFO]: Preparing spawn area: 68%
[00:21:44] [Worker-Main-11/INFO]: Preparing spawn area: 68%
[00:21:44] [Worker-Main-14/INFO]: Preparing spawn area: 68%
[00:21:44] [Worker-Main-14/INFO]: Preparing spawn area: 68%
[00:21:44] [Worker-Main-14/INFO]: Preparing spawn area: 68%
[00:21:44] [Worker-Main-13/INFO]: Preparing spawn area: 68%
[00:21:44] [Worker-Main-13/INFO]: Preparing spawn area: 68%
[00:21:44] [Worker-Main-13/INFO]: Preparing spawn area: 68%
[00:21:44] [Worker-Main-13/INFO]: Preparing spawn area: 68%
[00:21:44] [Worker-Main-13/INFO]: Preparing spawn area: 68%
[00:21:44] [Worker-Main-8/INFO]: Preparing spawn area: 68%
[00:21:44] [Worker-Main-14/INFO]: Preparing spawn area: 68%
[00:21:44] [Worker-Main-14/INFO]: Preparing spawn area: 68%
[00:21:44] [Worker-Main-14/INFO]: Preparing spawn area: 68%
[00:21:45] [Worker-Main-10/INFO]: Preparing spawn area: 68%
[00:21:45] [Worker-Main-10/INFO]: Preparing spawn area: 68%
[00:21:45] [Worker-Main-10/INFO]: Preparing spawn area: 68%
[00:21:45] [Worker-Main-14/INFO]: Preparing spawn area: 68%
[00:21:45] [Worker-Main-14/INFO]: Preparing spawn area: 68%
[00:21:45] [Worker-Main-14/INFO]: Preparing spawn area: 68%
[00:21:45] [Worker-Main-8/INFO]: Preparing spawn area: 68%
[00:21:45] [Worker-Main-9/INFO]: Preparing spawn area: 68%
[00:21:45] [Worker-Main-9/INFO]: Preparing spawn area: 68%
[00:21:45] [Worker-Main-8/INFO]: Preparing spawn area: 68%
[00:21:45] [Worker-Main-10/INFO]: Preparing spawn area: 68%
[00:21:45] [Worker-Main-12/INFO]: Preparing spawn area: 68%
[00:21:45] [Worker-Main-12/INFO]: Preparing spawn area: 68%
[00:21:45] [Worker-Main-12/INFO]: Preparing spawn area: 68%
[00:21:45] [Worker-Main-12/INFO]: Preparing spawn area: 68%
[00:21:45] [Worker-Main-12/INFO]: Preparing spawn area: 68%
[00:21:45] [Worker-Main-12/INFO]: Preparing spawn area: 68%
[00:21:45] [Worker-Main-12/INFO]: Preparing spawn area: 68%
[00:21:45] [Worker-Main-12/INFO]: Preparing spawn area: 68%
[00:21:45] [Worker-Main-14/INFO]: Preparing spawn area: 68%
[00:21:45] [Worker-Main-12/INFO]: Preparing spawn area: 68%
[00:21:45] [Worker-Main-11/INFO]: Preparing spawn area: 69%
[00:21:46] [Worker-Main-14/INFO]: Preparing spawn area: 71%
[00:21:47] [Worker-Main-8/INFO]: Preparing spawn area: 80%
[00:21:47] [Worker-Main-14/INFO]: Preparing spawn area: 80%
[00:21:47] [Worker-Main-8/INFO]: Preparing spawn area: 83%
[00:21:49] [Worker-Main-8/INFO]: Preparing spawn area: 83%
[00:21:49] [Worker-Main-8/INFO]: Preparing spawn area: 83%
[00:21:49] [Worker-Main-12/INFO]: Preparing spawn area: 83%
[00:21:49] [Worker-Main-12/INFO]: Preparing spawn area: 83%
[00:21:50] [Worker-Main-8/INFO]: Preparing spawn area: 85%
[00:21:51] [Worker-Main-8/INFO]: Preparing spawn area: 86%
[00:21:51] [Worker-Main-11/INFO]: Preparing spawn area: 90%
[00:21:51] [Server thread/INFO]: Time elapsed: 110273 ms
[00:21:52] [Server thread/INFO]: [SkinsRestorer] Enabling SkinsRestorer v14.1.10
[00:21:58] [Server thread/INFO]: [SkinsRestorer] Detected Minecraft v1_18_R1, using MappingSpigotSkinRefresher.
[00:22:04] [Server thread/INFO]: [AngelChest] Enabling AngelChest v6.1.1
[00:22:04] [Server thread/INFO]: [AngelChest] groups.yml does not exist, skipping custom group settings.
[00:22:04] [Server thread/INFO]: [AngelChest] blacklist.yml does not exist, disabling item blacklist.
[00:22:04] [Server thread/INFO]: [AngelChest] Not using premium version, disabling Graveyards feature
[00:22:05] [Server thread/INFO]: [AngelChest] Vault not installed, disabling economy functions.
[00:22:05] [Server thread/INFO]: Server permissions file permissions.yml is empty, ignoring it
[00:22:05] [Server thread/INFO]: Done (151.890s)! For help, type "help"
[00:22:05] [Craft Scheduler Thread - 0/INFO]: [SkinsRestorer] ----------------------------------------------
[00:22:05] [Craft Scheduler Thread - 0/INFO]: [SkinsRestorer]     +==================+
[00:22:05] [Craft Scheduler Thread - 0/INFO]: [SkinsRestorer]     |   SkinsRestorer  |
[00:22:05] [Craft Scheduler Thread - 0/INFO]: [SkinsRestorer]     |------------------|
[00:22:05] [Craft Scheduler Thread - 0/INFO]: [SkinsRestorer]     |  Standalone Mode |
[00:22:05] [Craft Scheduler Thread - 0/INFO]: [SkinsRestorer]     +==================+
[00:22:05] [Craft Scheduler Thread - 0/INFO]: [SkinsRestorer] ----------------------------------------------
[00:22:05] [Craft Scheduler Thread - 0/INFO]: [SkinsRestorer]     Current version: 14.1.10
[00:22:05] [Craft Scheduler Thread - 0/INFO]: [SkinsRestorer]     This is the latest version!
[00:22:05] [Craft Scheduler Thread - 0/INFO]: [SkinsRestorer] ----------------------------------------------
[00:22:10] [User Authenticator #1/INFO]: UUID of player EveryTimeAomsin is 5de56892-aeb5-339a-854d-375108cdd512
[00:22:16] [Server thread/INFO]: EveryTimeAomsin[/171.7.221.115:60305] logged in with entity id 268 at ([island My family only]159.89652212542953, 72.61398442160913, 415.3755138856768)
[00:22:36] [Server thread/WARN]: Can't keep up! Is the server overloaded? Running 30600ms or 612 ticks behind
[00:22:36] [Server thread/INFO]: [AngelChest] You are using the latest version of AngelChest.
[00:22:39] [Server thread/INFO]: [AngelChest] §6========================================================
[00:22:39] [Server thread/INFO]: [AngelChest] §6You are using the free version of AngelChest. There is
[00:22:39] [Server thread/INFO]: [AngelChest] §6also a premium version available, called AngelChestPlus.
[00:22:39] [Server thread/INFO]: [AngelChest] §6It includes TONS of new features and exclusive Discord
[00:22:39] [Server thread/INFO]: [AngelChest] §6support. The free version will still receive bugfixes,
[00:22:39] [Server thread/INFO]: [AngelChest] §6but there won't be ANY new features!
[00:22:39] [Server thread/INFO]: [AngelChest] §6If you like AngelChest, you will LOVE AngelChestPlus, so
[00:22:39] [Server thread/INFO]: [AngelChest] §6please consider upgrading! Thank you for using AngelChest.
[00:22:39] [Server thread/INFO]: [AngelChest] §6
[00:22:39] [Server thread/INFO]: [AngelChest] §6https://www.spigotmc.org/resources/88214
[00:22:39] [Server thread/INFO]: [AngelChest] §6========================================================
[00:22:51] [Server thread/INFO]: EveryTimeAomsin issued server command: /gamemode survival
[00:22:51] [Server thread/INFO]: [EveryTimeAomsin: Set own game mode to Survival Mode]
[00:22:55] [Server thread/INFO]: EveryTimeAomsin lost connection: Disconnected
[00:22:55] [Server thread/INFO]: EveryTimeAomsin left the game
[00:23:02] [User Authenticator #2/INFO]: UUID of player EveryTimeAomsin is 5de56892-aeb5-339a-854d-375108cdd512
[00:23:02] [Server thread/INFO]: EveryTimeAomsin[/171.7.221.115:60322] logged in with entity id 461 at ([island My family only]144.3597679858248, 66.5, 387.0219311803306)
[00:23:19] [Server thread/INFO]: EveryTimeAomsin issued server command: /kill EveryTimeAomsin
[00:23:23] [Server thread/INFO]: EveryTimeAomsin fell out of the world
[00:23:23] [Server thread/INFO]: [EveryTimeAomsin: Killed EveryTimeAomsin]
[00:23:23] [Server thread/WARN]: Can't keep up! Is the server overloaded? Running 5131ms or 102 ticks behind
[00:23:40] [Server thread/INFO]: EveryTimeAomsin issued server command: /gamemode spectator
[00:23:40] [Server thread/INFO]: [EveryTimeAomsin: Set own game mode to Spectator Mode]
[00:24:09] [Server thread/INFO]: EveryTimeAomsin issued server command: /gamemode survival
[00:24:09] [Server thread/INFO]: [EveryTimeAomsin: Set own game mode to Survival Mode]
[00:24:10] [Server thread/INFO]: [AngelChest] EveryTimeAomsin emptied the AngelChest of EveryTimeAomsin at Location{world=CraftWorld{name=island My family only},x=162.0,y=67.0,z=370.0,pitch=0.0,yaw=0.0}
[00:24:17] [Server thread/INFO]: EveryTimeAomsin lost connection: Disconnected
[00:24:17] [Server thread/INFO]: EveryTimeAomsin left the game
[00:24:23] [Server thread/WARN]: Can't keep up! Is the server overloaded? Running 5464ms or 109 ticks behind
[00:25:37] [User Authenticator #3/INFO]: UUID of player lol is 920c79d8-a1ca-3c23-8b42-dadfe7a301f4
[00:25:38] [Server thread/INFO]: lol[/171.7.221.115:55303] logged in with entity id 883 at ([island My family only]83.5, 68.0, -38.5)
[00:27:33] [Server thread/INFO]: lol fell from a high place
[00:28:19] [Server thread/INFO]: lol lost connection: Disconnected
[00:28:19] [Server thread/INFO]: lol left the game
[00:31:38] [User Authenticator #4/INFO]: UUID of player EveryTimeAomsin is 5de56892-aeb5-339a-854d-375108cdd512
[00:31:38] [Server thread/INFO]: EveryTimeAomsin[/171.7.221.115:63198] logged in with entity id 1405 at ([island My family only]160.44407297590615, 69.0, 374.96325264237566)
[00:31:57] [Server thread/INFO]: EveryTimeAomsin issued server command: /actoggle @a
[00:32:06] [Server thread/INFO]: EveryTimeAomsin issued server command: /gamemode creative
[00:32:06] [Server thread/INFO]: [EveryTimeAomsin: Set own game mode to Creative Mode]
[00:32:36] [Server thread/INFO]: EveryTimeAomsin issued server command: /acgui
[00:32:45] [Server thread/INFO]: EveryTimeAomsin issued server command: /acgui
[00:32:55] [Server thread/INFO]: EveryTimeAomsin issued server command: /aclist
[00:32:59] [Server thread/INFO]: EveryTimeAomsin issued server command: /aclist
[00:36:12] [Server thread/INFO]: EveryTimeAomsin issued server command: /angelchest.others
[00:36:16] [Async Chat Thread - #0/INFO]: <EveryTimeAomsin> angelchest.others
[00:37:04] [Server thread/INFO]: EveryTimeAomsin lost connection: Disconnected
[00:37:04] [Server thread/INFO]: EveryTimeAomsin left the game
[02:16:09] [User Authenticator #5/INFO]: UUID of player AAMOXI is d0be04ec-5a10-3907-862f-0dfb1e549afd
[02:16:10] [Server thread/INFO]: AAMOXI[/125.25.249.77:11898] logged in with entity id 2384 at ([island My family only]672.7591750865007, 65.0, -103.12037791905534)
[02:16:44] [Server thread/WARN]: Can't keep up! Is the server overloaded? Running 5695ms or 113 ticks behind
[02:32:11] [User Authenticator #6/INFO]: UUID of player Synchronium is 127e2be1-6e7c-3fd0-bebe-a29d456b588f
[02:32:11] [Server thread/INFO]: Synchronium[/125.24.184.108:63086] logged in with entity id 5876 at ([island My family only]94.85952712054836, 15.5, 360.6305754383504)
[02:36:29] [Server thread/INFO]: AAMOXI issued server command: /help
[02:36:39] [Server thread/INFO]: AAMOXI issued server command: /about
[02:49:48] [Server thread/INFO]: Synchronium lost connection: Disconnected
[02:49:48] [Server thread/INFO]: Synchronium left the game
